#
# There is insufficient memory for the Java Runtime Environment to continue.
# Native memory allocation (mmap) failed to map 100663296 bytes for G1 virtual space
# Possible reasons:
#   The system is out of physical RAM or swap space
#   The process is running with CompressedOops enabled, and the Java Heap may be blocking the growth of the native heap
# Possible solutions:
#   Reduce memory load on the system
#   Increase physical memory or swap space
#   Check if swap backing store is full
#   Decrease Java heap size (-Xmx/-Xms)
#   Decrease number of Java threads
#   Decrease Java thread stack sizes (-Xss)
#   Set larger code cache with -XX:ReservedCodeCacheSize=
#   JVM is running with Unscaled Compressed Oops mode in which the Java heap is
#     placed in the first 4GB address space. The Java Heap base address is the
#     maximum limit for the native heap growth. Please use -XX:HeapBaseMinAddress
#     to set the Java Heap base and to place the Java Heap above 4GB virtual address.
# This output file may be truncated or incomplete.
#
#  Out of Memory Error (os_windows.cpp:3548), pid=24624, tid=28428
#
# JRE version:  (17.0.12+8) (build )
# Java VM: Java HotSpot(TM) 64-Bit Server VM (17.0.12+8-LTS-286, mixed mode, sharing, tiered, compressed oops, compressed class ptrs, g1 gc, windows-amd64)
# No core dump will be written. Minidumps are not enabled by default on client versions of Windows
#

---------------  S U M M A R Y ------------

Command Line: -Dfile.encoding=UTF-8 --module-path=C:\Users\91827\Documents\NetBeansProjects\bank mangement system\build\classes bank.mangement.system.signupThree

Host: AMD Ryzen 5 3500U with Radeon Vega Mobile Gfx  , 8 cores, 5G,  Windows 11 , 64 bit Build 26100 (10.0.26100.3323)
Time: Tue Apr  1 04:51:29 2025 India Standard Time elapsed time: 2.058737 seconds (0d 0h 0m 2s)

---------------  T H R E A D  ---------------

Current thread (0x000001b9f85c2ec0):  JavaThread "Unknown thread" [_thread_in_vm, id=28428, stack(0x0000005e32f00000,0x0000005e33000000)]

Stack: [0x0000005e32f00000,0x0000005e33000000]
Native frames: (J=compiled Java code, j=interpreted, Vv=VM code, C=native code)
V  [jvm.dll+0x67a04a]
V  [jvm.dll+0x7da4ed]
V  [jvm.dll+0x7dbe33]
V  [jvm.dll+0x7dc4a3]
V  [jvm.dll+0x24508f]
V  [jvm.dll+0x677089]
V  [jvm.dll+0x66bd32]
V  [jvm.dll+0x301fa6]
V  [jvm.dll+0x309546]
V  [jvm.dll+0x359d2e]
V  [jvm.dll+0x359f5f]
V  [jvm.dll+0x2d9078]
V  [jvm.dll+0x2d9fe4]
V  [jvm.dll+0x7aca21]
V  [jvm.dll+0x367591]
V  [jvm.dll+0x78b999]
V  [jvm.dll+0x3ec83f]
V  [jvm.dll+0x3ee471]
C  [jli.dll+0x5297]
C  [ucrtbase.dll+0x37b0]
C  [KERNEL32.DLL+0x2e8d7]
C  [ntdll.dll+0xbbf6c]


---------------  P R O C E S S  ---------------

Threads class SMR info:
_java_thread_list=0x00007ffd45197a18, length=0, elements={
}

Java Threads: ( => current thread )

Other Threads:
  0x000001b9f860bb00 GCTaskThread "GC Thread#0" [stack: 0x0000005e33000000,0x0000005e33100000] [id=20144]
  0x000001b9f86198e0 ConcurrentGCThread "G1 Main Marker" [stack: 0x0000005e33100000,0x0000005e33200000] [id=28312]
  0x000001b9f861afd0 ConcurrentGCThread "G1 Conc#0" [stack: 0x0000005e33200000,0x0000005e33300000] [id=28600]

[error occurred during error reporting (printing all threads), id 0xc0000005, EXCEPTION_ACCESS_VIOLATION (0xc0000005) at pc=0x00007ffd449c9b67]

VM state: not at safepoint (not fully initialized)

VM Mutex/Monitor currently owned by a thread:  ([mutex/lock_event])
[0x000001b9f85c1620] Heap_lock - owner thread: 0x000001b9f85c2ec0

Heap address: 0x00000000a0c00000, size: 1524 MB, Compressed Oops mode: 32-bit

CDS archive(s) mapped at: [0x0000000000000000-0x0000000000000000-0x0000000000000000), size 0, SharedBaseAddress: 0x0000000800000000, ArchiveRelocationMode: 1.
Narrow klass base: 0x0000000000000000, Narrow klass shift: 0, Narrow klass range: 0x0

GC Precious Log:
<Empty>

Heap:
 garbage-first heap   total 0K, used 0K [0x00000000a0c00000, 0x0000000100000000)
  region size 1024K, 0 young (0K), 0 survivors (0K)

[error occurred during error reporting (printing heap information), id 0xc0000005, EXCEPTION_ACCESS_VIOLATION (0xc0000005) at pc=0x00007ffd44db3859]

GC Heap History (0 events):
No events

Deoptimization events (0 events):
No events

Classes unloaded (0 events):
No events

Classes redefined (0 events):
No events

Internal exceptions (0 events):
No events

VM Operations (0 events):
No events

Events (1 events):
Event: 0.026 Loaded shared library C:\Program Files\Java\jdk-17\bin\java.dll


Dynamic libraries:
0x00007ff732390000 - 0x00007ff7323a0000 	C:\Program Files\Java\jdk-17\bin\java.exe
0x00007ffdad080000 - 0x00007ffdad2e3000 	C:\WINDOWS\SYSTEM32\ntdll.dll
0x00007ffdab6f0000 - 0x00007ffdab7b7000 	C:\WINDOWS\System32\KERNEL32.DLL
0x00007ffdaa730000 - 0x00007ffdaaaf9000 	C:\WINDOWS\System32\KERNELBASE.dll
0x00007ffdaa550000 - 0x00007ffdaa69c000 	C:\WINDOWS\System32\ucrtbase.dll
0x00007ffd6eed0000 - 0x00007ffd6eeeb000 	C:\Program Files\Java\jdk-17\bin\VCRUNTIME140.dll
0x00007ffd9a750000 - 0x00007ffd9a769000 	C:\Program Files\Java\jdk-17\bin\jli.dll
0x00007ffdaaec0000 - 0x00007ffdaaf72000 	C:\WINDOWS\System32\ADVAPI32.dll
0x00007ffdab0d0000 - 0x00007ffdab179000 	C:\WINDOWS\System32\msvcrt.dll
0x00007ffdab020000 - 0x00007ffdab0c6000 	C:\WINDOWS\System32\sechost.dll
0x00007ffdab850000 - 0x00007ffdab966000 	C:\WINDOWS\System32\RPCRT4.dll
0x00007ffdacc80000 - 0x00007ffdace4a000 	C:\WINDOWS\System32\USER32.dll
0x00007ffd968f0000 - 0x00007ffd96b80000 	C:\WINDOWS\WinSxS\amd64_microsoft.windows.common-controls_6595b64144ccf1df_6.0.26100.3323_none_3e088096e3344490\COMCTL32.dll
0x00007ffdaa480000 - 0x00007ffdaa4a7000 	C:\WINDOWS\System32\win32u.dll
0x00007ffdace50000 - 0x00007ffdace7a000 	C:\WINDOWS\System32\GDI32.dll
0x00007ffdaa280000 - 0x00007ffdaa3b1000 	C:\WINDOWS\System32\gdi32full.dll
0x00007ffdaab00000 - 0x00007ffdaaba3000 	C:\WINDOWS\System32\msvcp_win.dll
0x00007ffda2bb0000 - 0x00007ffda2bbb000 	C:\WINDOWS\SYSTEM32\VERSION.dll
0x00007ffdabbd0000 - 0x00007ffdabbff000 	C:\WINDOWS\System32\IMM32.DLL
0x00007ffd82d10000 - 0x00007ffd82d1c000 	C:\Program Files\Java\jdk-17\bin\vcruntime140_1.dll
0x00007ffd48090000 - 0x00007ffd4811e000 	C:\Program Files\Java\jdk-17\bin\msvcp140.dll
0x00007ffd446e0000 - 0x00007ffd452c0000 	C:\Program Files\Java\jdk-17\bin\server\jvm.dll
0x00007ffdabac0000 - 0x00007ffdabac8000 	C:\WINDOWS\System32\PSAPI.DLL
0x00007ffda2370000 - 0x00007ffda23a6000 	C:\WINDOWS\SYSTEM32\WINMM.dll
0x00007ffd90fd0000 - 0x00007ffd90fda000 	C:\WINDOWS\SYSTEM32\WSOCK32.dll
0x00007ffdab5b0000 - 0x00007ffdab624000 	C:\WINDOWS\System32\WS2_32.dll
0x00007ffda90a0000 - 0x00007ffda90ba000 	C:\WINDOWS\SYSTEM32\kernel.appcore.dll
0x00007ffd7e000000 - 0x00007ffd7e00a000 	C:\Program Files\Java\jdk-17\bin\jimage.dll
0x00007ffda79c0000 - 0x00007ffda7c01000 	C:\WINDOWS\SYSTEM32\DBGHELP.DLL
0x00007ffdac460000 - 0x00007ffdac7e2000 	C:\WINDOWS\System32\combase.dll
0x00007ffdabc60000 - 0x00007ffdabd36000 	C:\WINDOWS\System32\OLEAUT32.dll
0x00007ffd52b50000 - 0x00007ffd52b89000 	C:\WINDOWS\SYSTEM32\dbgcore.DLL
0x00007ffdaa4b0000 - 0x00007ffdaa549000 	C:\WINDOWS\System32\bcryptPrimitives.dll
0x00007ffd5b240000 - 0x00007ffd5b265000 	C:\Program Files\Java\jdk-17\bin\java.dll

dbghelp: loaded successfully - version: 4.0.5 - missing functions: none
symbol engine: initialized successfully - sym options: 0x614 - pdb path: .;C:\Program Files\Java\jdk-17\bin;C:\WINDOWS\SYSTEM32;C:\WINDOWS\WinSxS\amd64_microsoft.windows.common-controls_6595b64144ccf1df_6.0.26100.3323_none_3e088096e3344490;C:\Program Files\Java\jdk-17\bin\server

VM Arguments:
jvm_args: -Dfile.encoding=UTF-8 --module-path=C:\Users\91827\Documents\NetBeansProjects\bank mangement system\build\classes 
java_command: bank.mangement.system.signupThree
java_class_path (initial): C:\Users\91827\Downloads\jcalendar-tz-1.3.3-4.jar;C:\Users\91827\Downloads\mysql-connector-java-8.0.28.jar;C:\Users\91827\Documents\NetBeansProjects\bank mangement system\build\classes
Launcher Type: SUN_STANDARD

[Global flags]
     intx CICompilerCount                          = 4                                         {product} {ergonomic}
     uint ConcGCThreads                            = 2                                         {product} {ergonomic}
     uint G1ConcRefinementThreads                  = 8                                         {product} {ergonomic}
   size_t G1HeapRegionSize                         = 1048576                                   {product} {ergonomic}
    uintx GCDrainStackTargetSize                   = 64                                        {product} {ergonomic}
   size_t InitialHeapSize                          = 100663296                                 {product} {ergonomic}
   size_t MarkStackSize                            = 4194304                                   {product} {ergonomic}
   size_t MaxHeapSize                              = 1598029824                                {product} {ergonomic}
   size_t MinHeapDeltaBytes                        = 1048576                                   {product} {ergonomic}
   size_t MinHeapSize                              = 8388608                                   {product} {ergonomic}
    uintx NonNMethodCodeHeapSize                   = 5839372                                {pd product} {ergonomic}
    uintx NonProfiledCodeHeapSize                  = 122909434                              {pd product} {ergonomic}
    uintx ProfiledCodeHeapSize                     = 122909434                              {pd product} {ergonomic}
    uintx ReservedCodeCacheSize                    = 251658240                              {pd product} {ergonomic}
     bool SegmentedCodeCache                       = true                                      {product} {ergonomic}
   size_t SoftMaxHeapSize                          = 1598029824                             {manageable} {ergonomic}
     bool UseCompressedClassPointers               = true                           {product lp64_product} {ergonomic}
     bool UseCompressedOops                        = true                           {product lp64_product} {ergonomic}
     bool UseG1GC                                  = true                                      {product} {ergonomic}
     bool UseLargePagesIndividualAllocation        = false                                  {pd product} {ergonomic}

Logging:
Log output configuration:
 #0: stdout all=warning uptime,level,tags
 #1: stderr all=off uptime,level,tags

Environment Variables:
JAVA_HOME=C:\Program Files\Java\jdk-17
PATH=C:\Program Files\Common Files\Oracle\Java\javapath;C:\Program Files (x86)\VMware\VMware Player\bin\;C:\WINDOWS\system32;C:\WINDOWS;C:\WINDOWS\System32\Wbem;C:\WINDOWS\System32\WindowsPowerShell\v1.0\;C:\WINDOWS\System32\OpenSSH\;C:\MinGW\bin;C:\Program Files (x86)\dotnet\;C:\Program Files\PuTTY\;C:\Program Files\Java\jdk-17\bin;C:\Program Files\Java\jdk-17\bin;%java_home%\bin;C:\Program Files\MySQL\MySQL Shell 8.0\bin\;C:\Users\91827\AppData\Local\Programs\Python\Python313\Scripts\;C:\Users\91827\AppData\Local\Programs\Python\Python313\;C:\Users\91827\AppData\Local\Microsoft\WindowsApps;C:\Users\91827\AppData\Local\Programs\Microsoft VS Code\bin;C:\Program Files\Java\jdk-16.0.2\bin;C:\Program Files\JetBrains\IntelliJ IDEA Community Edition 2024.1.4\bin;;C:\Program Files\JetBrains\PyCharm Community Edition 2024.3.1.1\bin;;C:\Users\91827\AppData\Local\GitHubDesktop\bin;
USERNAME=PJ
OS=Windows_NT
PROCESSOR_IDENTIFIER=AMD64 Family 23 Model 24 Stepping 1, AuthenticAMD



---------------  S Y S T E M  ---------------

OS:
 Windows 11 , 64 bit Build 26100 (10.0.26100.3323)
OS uptime: 9 days 16:33 hours

CPU: total 8 (initial active 8) (8 cores per cpu, 2 threads per core) family 23 model 24 stepping 1 microcode 0x8108109, cx8, cmov, fxsr, ht, mmx, 3dnowpref, sse, sse2, sse3, ssse3, sse4a, sse4.1, sse4.2, popcnt, lzcnt, tsc, tscinvbit, avx, avx2, aes, clmul, bmi1, bmi2, adx, sha, fma, vzeroupper, clflush, clflushopt

Memory: 4k page, system-wide physical 6091M (747M free)
TotalPageFile size 24523M (AvailPageFile size 35M)
current process WorkingSet (physical memory assigned to process): 12M, peak: 12M
current process commit charge ("private bytes"): 60M, peak: 156M

vm_info: Java HotSpot(TM) 64-Bit Server VM (17.0.12+8-LTS-286) for windows-amd64 JRE (17.0.12+8-LTS-286), built on Jun  5 2024 06:46:59 by "mach5one" with MS VC++ 17.6 (VS2022)

END.
